\BOOKMARK [0][-]{chapter.1}{\376\377\000L\000i\000n\000u\000x\127\372\170\100\124\175\116\344}{}% 1
\BOOKMARK [1][-]{section.1.1}{\376\377\000L\000i\000n\000u\000x\000\040\000C}{chapter.1}% 2
\BOOKMARK [2][-]{subsection.1.1.1}{\376\377\000l\000i\000n\000u\000x\000\040\000G\000C\000C\000/\000G\000+\000+\177\026\213\321\126\150\116\016\214\003\213\325\126\150}{section.1.1}% 3
\BOOKMARK [2][-]{subsection.1.1.2}{\376\377\172\013\136\217\124\214\217\333\172\013}{section.1.1}% 4
\BOOKMARK [2][-]{subsection.1.1.3}{\376\377\000G\000D\000B\214\003\213\325\126\150}{section.1.1}% 5
\BOOKMARK [2][-]{subsection.1.1.4}{\376\377\000L\000i\000n\000u\000x\137\000\123\321\163\257\130\203}{section.1.1}% 6
\BOOKMARK [2][-]{subsection.1.1.5}{\376\377\000C\000\040\213\355\212\000\177\026\172\013\127\372\170\100}{section.1.1}% 7
\BOOKMARK [2][-]{subsection.1.1.6}{\376\377\176\310\153\142\177\026\213\321\124\175\116\344}{section.1.1}% 8
\BOOKMARK [2][-]{subsection.1.1.7}{\376\377\147\141\116\366\177\026\213\321\124\175\116\344}{section.1.1}% 9
\BOOKMARK [2][-]{subsection.1.1.8}{\376\377\117\356\145\071\210\114\123\367\124\175\116\344}{section.1.1}% 10
\BOOKMARK [2][-]{subsection.1.1.9}{\376\377\177\026\213\321\143\007\171\072\124\175\116\344}{section.1.1}% 11
\BOOKMARK [2][-]{subsection.1.1.10}{\376\377\230\204\133\232\116\111\166\204\133\217\124\015}{section.1.1}% 12
\BOOKMARK [0][-]{chapter.2}{\376\377\000B\000P\000N\000N}{}% 13
\BOOKMARK [0][-]{chapter.3}{\376\377\122\240\133\306}{}% 14
\BOOKMARK [1][-]{section.3.1}{\376\377\000R\000S\000A\122\240\133\306}{chapter.3}% 15
\BOOKMARK [1][-]{section.3.2}{\376\377\000O\000k\000a\000m\000o\000t\000o\000-\000U\000c\000h\000i\000y\000a\000m\000a\122\240\133\306}{chapter.3}% 16
\BOOKMARK [0][-]{chapter.4}{\376\377\000C\000+\000+}{}% 17
\BOOKMARK [1][-]{section.4.1}{\376\377\117\177\165\050\000C\000o\000d\000e\000V\000i\000z\165\037\142\020\000C\000/\000C\000+\000+\121\375\145\160\214\003\165\050\121\163\174\373\126\376}{chapter.4}% 18
\BOOKMARK [1][-]{section.4.2}{\376\377\000C\000+\000+\165\073\126\376}{chapter.4}% 19
\BOOKMARK [1][-]{section.4.3}{\376\377\000c\000u\000c\000k\000o\000o}{chapter.4}% 20
\BOOKMARK [0][-]{chapter.5}{\376\377\000J\000a\000v\000a}{}% 21
\BOOKMARK [1][-]{section.5.1}{\376\377\124\175\116\344\210\114\000j\000a\000v\000a}{chapter.5}% 22
\BOOKMARK [1][-]{section.5.2}{\376\377\000J\000a\000v\000a\213\241\173\227\145\345\147\037\225\364\166\204\131\051\145\160}{chapter.5}% 23
\BOOKMARK [1][-]{section.5.3}{\376\377\000B\000l\000o\000o\000m\000\040\000F\000i\000l\000t\000e\000r}{chapter.5}% 24
\BOOKMARK [1][-]{section*.4}{\376\377\000I\000n\000d\000e\000x}{chapter.5}% 25
